INFO    : PreTeXt-CLI version: 2.7.0

INFO    : PreTeXt project found in `/workspaces/scholars`.
WARNING : Using CLI version 2.7.0 but project's `requirements.txt`
WARNING : is configured to use 1.5.2. Consider either installing
WARNING : CLI version 1.5.2 or running `pretext init --refresh`
WARNING : to update `requirements.txt` to match 2.7.0.
INFO    : Since no target was supplied, we will use "web".

INFO    : Building target web
ERROR   : XInclude Error caused build to fail:
ERROR   : /workspaces/scholars/source/laplace.xml:30:35:FATAL:PARSER:ERR_NAME_REQUIRED: StartTag: invalid element name
/workspaces/scholars/source/laplace.xml:31:16:FATAL:PARSER:ERR_TAG_NAME_MISMATCH: Opening and ending tag mismatch: m line 20 and p
/workspaces/scholars/source/laplace.xml:32:17:FATAL:PARSER:ERR_TAG_NAME_MISMATCH: Opening and ending tag mismatch: m line 20 and proof
/workspaces/scholars/source/laplace.xml:33:15:FATAL:PARSER:ERR_TAG_NAME_MISMATCH: Opening and ending tag mismatch: m line 20 and theorem
/workspaces/scholars/source/laplace.xml:53:59:FATAL:PARSER:ERR_TAG_NAME_MISMATCH: Opening and ending tag mismatch: m line 53 and cell
/workspaces/scholars/source/laplace.xml:54:17:FATAL:PARSER:ERR_TAG_NAME_MISMATCH: Opening and ending tag mismatch: cell line 53 and row
/workspaces/scholars/source/laplace.xml:57:54:FATAL:PARSER:ERR_TAG_NAME_MISMATCH: Opening and ending tag mismatch: m line 57 and cell
/workspaces/scholars/source/laplace.xml:58:17:FATAL:PARSER:ERR_TAG_NAME_MISMATCH: Opening and ending tag mismatch: cell line 57 and row
/workspaces/scholars/source/laplace.xml:59:19:FATAL:PARSER:ERR_TAG_NAME_MISMATCH: Opening and ending tag mismatch: row line 55 and tabular
/workspaces/scholars/source/laplace.xml:60:15:FATAL:PARSER:ERR_TAG_NAME_MISMATCH: Opening and ending tag mismatch: row line 51 and table
/workspaces/scholars/source/laplace.xml:92:16:FATAL:PARSER:ERR_TAG_NAME_MISMATCH: Opening and ending tag mismatch: theorem line 64 and introduction
/workspaces/scholars/source/laplace.xml:125:11:FATAL:PARSER:ERR_TAG_NAME_MISMATCH: Opening and ending tag mismatch: tabular line 38 and section
/workspaces/scholars/source/main.ptx:99:0:ERROR:XINCLUDE:XINCLUDE_NO_FALLBACK: could not load /workspaces/scholars/source/laplace.xml, and no fallback was found
CRITICAL: XML syntax for source file is invalid
INFO    : ------------------------
CRITICAL: Failed to build.  Exiting...
INFO    : 
----------------------------------------------------
INFO    : While running pretext, the following errors occurred:

INFO    : (see log messages above or in the 'logs' folder for more information)
INFO    : ----------------------------------------------------
