INFO    : PreTeXt-CLI version: 2.7.0

INFO    : PreTeXt project found in `/workspaces/scholars`.
WARNING : Using CLI version 2.7.0 but project's `requirements.txt`
WARNING : is configured to use 1.5.2. Consider either installing
WARNING : CLI version 1.5.2 or running `pretext init --refresh`
WARNING : to update `requirements.txt` to match 2.7.0.
INFO    : Since no target was supplied, we will use "web".

INFO    : Building target web
INFO    : Preparing to build into /workspaces/scholars/output/web.
INFO    : discovering source file's directory name: /workspaces/scholars/source
INFO    : verifying and expanding input directory: /workspaces/scholars/source/../generated-assets
INFO    : input directory expanded to absolute path: /workspaces/scholars/generated-assets
INFO    : verifying and expanding input directory: /workspaces/scholars/source/../assets
INFO    : input directory expanded to absolute path: /workspaces/scholars/assets
INFO    : Runestone Services (via PreTeXt repository): version 7.3.3
INFO    : Runestone Services (using newer, via online CDN query): version 7.4.7
INFO    : Using existing Runestone Services located in /workspaces/scholars/output/web/_static. Delete Runestone files there to force a fresh download.
INFO    : converting /workspaces/scholars/source/main.ptx to HTML in /tmp/ptx-g_z3dd51
INFO    : XSL conversion of /workspaces/scholars/source/main.ptx by /home/vscode/.ptx/2.7.0/core/xsl/pretext-html.xsl
INFO    : messages from the log for XSL processing:
WARNING : * PTX:DEPRECATE: (2023-08-08) a "website" element with "address" and "name" children has changed.  Continue to use the "website" element as before, but replace the "address" and "name" children with a single "url" element, which is more flexible and reliable.  We will try to honor your intent, but you may prefer your own adjustments. (1 time)
INFO    : *              located within: "frontmatter" (xml:id)
INFO    : * --------------
INFO    : successful application of /home/vscode/.ptx/2.7.0/core/xsl/pretext-html.xsl
INFO    : 
Success! Run `pretext view` to see the results.

INFO    : 
